<?xml version="1.0" encoding="UTF-8"?>
<testng-results ignored="0" total="1" passed="1" failed="0" skipped="0">
  <reporter-output>
  </reporter-output>
  <suite started-at="2023-03-16T21:02:27 IST" name="Default suite" finished-at="2023-03-16T21:02:28 IST" duration-ms="384">
    <groups>
    </groups>
    <test started-at="2023-03-16T21:02:27 IST" name="Default test" finished-at="2023-03-16T21:02:28 IST" duration-ms="384">
      <class name="com.test.TestDemo">
        <test-method signature="test()[pri:0, instance:com.test.TestDemo@26275bef]" started-at="2023-03-16T21:02:27 IST" name="test" finished-at="2023-03-16T21:02:28 IST" duration-ms="358" status="PASS">
          <reporter-output>
          </reporter-output>
        </test-method> <!-- test -->
      </class> <!-- com.test.TestDemo -->
    </test> <!-- Default test -->
  </suite> <!-- Default suite -->
</testng-results>
